# JRE version: Java(TM) SE Runtime Environment (15.0.1+9) (build 15.0.1+9-18)
# Java VM: Java HotSpot(TM) 64-Bit Server VM (15.0.1+9-18, mixed mode, sharing, tiered, compressed oops, g1 gc, windows-amd64)
GC Precious Log:
 CPUs: 8 total, 8 available
 Memory: 8078M
 Large Page Support: Disabled
 NUMA Support: Disabled
 Compressed Oops: Enabled (32-bit)
 Heap Region Size: 1M
 Heap Min Capacity: 8M
 Heap Initial Capacity: 128M
 Heap Max Capacity: 2020M
 Pre-touch: Disabled
 Parallel Workers: 8
 Concurrent Workers: 2
 Concurrent Refinement Workers: 8
 Periodic GC: Disabled
Heap:
 garbage-first heap   total 503808K, used 300511K [0x0000000081c00000, 0x0000000100000000)
  region size 1024K, 18 young (18432K), 13 survivors (13312K)
 Metaspace       used 5463K, capacity 7427K, committed 7808K, reserved 1056768K
  class space    used 342K, capacity 564K, committed 640K, reserved 1048576K
GC Heap History (20 events):
Event: 845.176 GC heap before
{Heap before GC invocations=285 (full 0):
 garbage-first heap   total 460800K, used 402667K [0x0000000081c00000, 0x0000000100000000)
  region size 1024K, 139 young (142336K), 11 survivors (11264K)
 Metaspace       used 5463K, capacity 7427K, committed 7808K, reserved 1056768K
  class space    used 342K, capacity 564K, committed 640K, reserved 1048576K
}
Event: 845.192 GC heap after
{Heap after GC invocations=286 (full 0):
 garbage-first heap   total 460800K, used 274407K [0x0000000081c00000, 0x0000000100000000)
  region size 1024K, 11 young (11264K), 11 survivors (11264K)
 Metaspace       used 5463K, capacity 7427K, committed 7808K, reserved 1056768K
  class space    used 342K, capacity 564K, committed 640K, reserved 1048576K
}
Event: 853.966 GC heap before
{Heap before GC invocations=286 (full 0):
 garbage-first heap   total 460800K, used 402407K [0x0000000081c00000, 0x0000000100000000)
  region size 1024K, 136 young (139264K), 11 survivors (11264K)
 Metaspace       used 5463K, capacity 7427K, committed 7808K, reserved 1056768K
  class space    used 342K, capacity 564K, committed 640K, reserved 1048576K
}
Event: 853.983 GC heap after
{Heap after GC invocations=287 (full 0):
 garbage-first heap   total 460800K, used 276441K [0x0000000081c00000, 0x0000000100000000)
  region size 1024K, 10 young (10240K), 10 survivors (10240K)
 Metaspace       used 5463K, capacity 7427K, committed 7808K, reserved 1056768K
  class space    used 342K, capacity 564K, committed 640K, reserved 1048576K
}
Event: 862.702 GC heap before
{Heap before GC invocations=288 (full 0):
 garbage-first heap   total 464896K, used 403417K [0x0000000081c00000, 0x0000000100000000)
  region size 1024K, 134 young (137216K), 10 survivors (10240K)
 Metaspace       used 5463K, capacity 7427K, committed 7808K, reserved 1056768K
  class space    used 342K, capacity 564K, committed 640K, reserved 1048576K
}
Event: 862.719 GC heap after
{Heap after GC invocations=289 (full 0):
 garbage-first heap   total 464896K, used 279435K [0x0000000081c00000, 0x0000000100000000)
  region size 1024K, 11 young (11264K), 11 survivors (11264K)
 Metaspace       used 5463K, capacity 7427K, committed 7808K, reserved 1056768K
  class space    used 342K, capacity 564K, committed 640K, reserved 1048576K
}
Event: 869.158 GC heap before
{Heap before GC invocations=289 (full 0):
 garbage-first heap   total 464896K, used 405387K [0x0000000081c00000, 0x0000000100000000)
  region size 1024K, 134 young (137216K), 11 survivors (11264K)
 Metaspace       used 5463K, capacity 7427K, committed 7808K, reserved 1056768K
  class space    used 342K, capacity 564K, committed 640K, reserved 1048576K
}
Event: 869.168 GC heap after
{Heap after GC invocations=290 (full 0):
 garbage-first heap   total 464896K, used 281824K [0x0000000081c00000, 0x0000000100000000)
  region size 1024K, 10 young (10240K), 10 survivors (10240K)
 Metaspace       used 5463K, capacity 7427K, committed 7808K, reserved 1056768K
  class space    used 342K, capacity 564K, committed 640K, reserved 1048576K
}
Event: 875.310 GC heap before
{Heap before GC invocations=291 (full 0):
 garbage-first heap   total 478208K, used 405728K [0x0000000081c00000, 0x0000000100000000)
  region size 1024K, 131 young (134144K), 10 survivors (10240K)
 Metaspace       used 5463K, capacity 7427K, committed 7808K, reserved 1056768K
  class space    used 342K, capacity 564K, committed 640K, reserved 1048576K
}
Event: 875.331 GC heap after
{Heap after GC invocations=292 (full 0):
 garbage-first heap   total 478208K, used 284148K [0x0000000081c00000, 0x0000000100000000)
  region size 1024K, 10 young (10240K), 10 survivors (10240K)
 Metaspace       used 5463K, capacity 7427K, committed 7808K, reserved 1056768K
  class space    used 342K, capacity 564K, committed 640K, reserved 1048576K
}
Event: 883.838 GC heap before
{Heap before GC invocations=292 (full 0):
 garbage-first heap   total 478208K, used 419316K [0x0000000081c00000, 0x0000000100000000)
  region size 1024K, 142 young (145408K), 10 survivors (10240K)
 Metaspace       used 5463K, capacity 7427K, committed 7808K, reserved 1056768K
  class space    used 342K, capacity 564K, committed 640K, reserved 1048576K
}
Event: 883.855 GC heap after
{Heap after GC invocations=293 (full 0):
 garbage-first heap   total 478208K, used 286746K [0x0000000081c00000, 0x0000000100000000)
  region size 1024K, 13 young (13312K), 13 survivors (13312K)
 Metaspace       used 5463K, capacity 7427K, committed 7808K, reserved 1056768K
  class space    used 342K, capacity 564K, committed 640K, reserved 1048576K
}
Event: 895.992 GC heap before
{Heap before GC invocations=294 (full 0):
 garbage-first heap   total 483328K, used 414746K [0x0000000081c00000, 0x0000000100000000)
  region size 1024K, 138 young (141312K), 13 survivors (13312K)
 Metaspace       used 5463K, capacity 7427K, committed 7808K, reserved 1056768K
  class space    used 342K, capacity 564K, committed 640K, reserved 1048576K
}
Event: 896.024 GC heap after
{Heap after GC invocations=295 (full 0):
 garbage-first heap   total 483328K, used 288825K [0x0000000081c00000, 0x0000000100000000)
  region size 1024K, 12 young (12288K), 12 survivors (12288K)
 Metaspace       used 5463K, capacity 7427K, committed 7808K, reserved 1056768K
  class space    used 342K, capacity 564K, committed 640K, reserved 1048576K
}
Event: 903.292 GC heap before
{Heap before GC invocations=295 (full 0):
 garbage-first heap   total 483328K, used 420921K [0x0000000081c00000, 0x0000000100000000)
  region size 1024K, 141 young (144384K), 12 survivors (12288K)
 Metaspace       used 5463K, capacity 7427K, committed 7808K, reserved 1056768K
  class space    used 342K, capacity 564K, committed 640K, reserved 1048576K
}
Event: 903.308 GC heap after
{Heap after GC invocations=296 (full 0):
 garbage-first heap   total 483328K, used 291504K [0x0000000081c00000, 0x0000000100000000)
  region size 1024K, 13 young (13312K), 13 survivors (13312K)
 Metaspace       used 5463K, capacity 7427K, committed 7808K, reserved 1056768K
  class space    used 342K, capacity 564K, committed 640K, reserved 1048576K
}
Event: 911.790 GC heap before
{Heap before GC invocations=297 (full 0):
 garbage-first heap   total 495616K, used 418480K [0x0000000081c00000, 0x0000000100000000)
  region size 1024K, 137 young (140288K), 13 survivors (13312K)
 Metaspace       used 5463K, capacity 7427K, committed 7808K, reserved 1056768K
  class space    used 342K, capacity 564K, committed 640K, reserved 1048576K
}
Event: 911.810 GC heap after
{Heap after GC invocations=298 (full 0):
 garbage-first heap   total 495616K, used 293868K [0x0000000081c00000, 0x0000000100000000)
  region size 1024K, 10 young (10240K), 10 survivors (10240K)
 Metaspace       used 5463K, capacity 7427K, committed 7808K, reserved 1056768K
  class space    used 342K, capacity 564K, committed 640K, reserved 1048576K
}
Event: 920.638 GC heap before
{Heap before GC invocations=298 (full 0):
 garbage-first heap   total 495616K, used 435180K [0x0000000081c00000, 0x0000000100000000)
  region size 1024K, 148 young (151552K), 10 survivors (10240K)
 Metaspace       used 5463K, capacity 7427K, committed 7808K, reserved 1056768K
  class space    used 342K, capacity 564K, committed 640K, reserved 1048576K
}
Event: 920.656 GC heap after
{Heap after GC invocations=299 (full 0):
 garbage-first heap   total 495616K, used 296415K [0x0000000081c00000, 0x0000000100000000)
  region size 1024K, 13 young (13312K), 13 survivors (13312K)
 Metaspace       used 5463K, capacity 7427K, committed 7808K, reserved 1056768K
  class space    used 342K, capacity 564K, committed 640K, reserved 1048576K
}

